<?xml version="1.0" encoding="UTF-8"?>
<!-- Generated by org.testng.reporters.JUnitXMLReporter -->
<testsuite hostname="DESKTOP-H4A8A1U" name="Default test" tests="7" failures="0" timestamp="20 Jun 2018 10:10:18 GMT" time="0.036" errors="0">
  <testcase name="Mgrgl0_Zgrgl15_V_M" time="0.008" classname="test.MessreiheTest"/>
  <testcase name="Mgrgl0_Zgrgl15_Vstrings_Mfalsch" time="0.002" classname="test.MessreiheTest"/>
  <testcase name="Mgrgl0_Zgrgl15_Vstrings_Mkorrekt" time="0.002" classname="test.MessreiheTest"/>
  <testcase name="Mgrgl0_Zkl15_V_M" time="0.001" classname="test.MessreiheTest"/>
  <testcase name="Mkl0_Zgrgl15_V_M" time="0.001" classname="test.MessreiheTest"/>
  <testcase name="Mkl0_Zkl15_V_M" time="0.001" classname="test.MessreiheTest"/>
  <testcase name="konstruktorTest" time="0.001" classname="test.MessreiheTest"/>
</testsuite> <!-- Default test -->
